node.exe : ÔÜá 
Warning: Next.js 
inferred your 
workspace root, but it 
may not be correct.
No linha:1 caractere:1
+ & "C:\nvm4w\nodejs/no
de.exe" "C:\nvm4w\nodej
s/node_modules/npm/bin/
np ...
+ ~~~~~~~~~~~~~~~~~~~~~
~~~~~~~~~~~~~~~~~~~~~~~
~~~~~~~~~~~~~~~~~~~~~~~
~~
    + CategoryInfo     
         : NotSpecifi  
  ed: (ÔÜá Warning:    
 Ne...not be correc    
t.:String) [], Rem    
oteException
    + FullyQualifiedEr 
   rorId : NativeComm  
  andError
 
 We detected multiple 
lockfiles and selected 
the directory of C:\Use
rs\biras\package-lock.j
son as the root 
directory.
 To silence this 
warning, set 
`turbopack.root` in 
your Next.js config, 
or consider removing 
one of the lockfiles 
if it's not needed.
   See https://nextjs.o
rg/docs/app/api-referen
ce/config/next-config-j
s/turbopack#root-direct
ory for more 
information.
 Detected additional 
lockfiles: 
   * C:\Users\biras\Des
ktop\Repositorio - Artn
aCare\package-lock.json

Ôû▓ Next.js 16.1.6 (Turbopack)
- Environments: .env.local

  Creating an optimized production build ...

> Build error occurred
Error: Turbopack build 
failed with 3 errors:
./Desktop/Repositorio 
- ArtnaCare/src/app/log
in/page.tsx:5:1
Module not found: 
Can't resolve 
'@/lib/firebase'
[0m [90m 3 |[39m 
[36mimport[39m { 
useState } 
[36mfrom[39m [32m"re
act"[39m[33m;[39m
 [90m 4 |[39m 
[36mimport[39m { sign
InWithEmailAndPassword 
} [36mfrom[39m [32m"
firebase/auth"[39m[33
m;[39m
[31m[1m>[22m[39m[9
0m 5 |[39m 
[36mimport[39m { 
auth } [36mfrom[39m 
[32m"@/lib/firebase"[3
9m[33m;[39m
 [90m   |[39m [31m[
1m^[22m[39m[31m[1m^
[22m[39m[31m[1m^[2
2m[39m[31m[1m^[22m
[39m[31m[1m^[22m[39
m[31m[1m^[22m[39m[
31m[1m^[22m[39m[31m
[1m^[22m[39m[31m[1
m^[22m[39m[31m[1m^
[22m[39m[31m[1m^[22
m[39m[31m[1m^[22m[
39m[31m[1m^[22m[39m
[31m[1m^[22m[39m[3
1m[1m^[22m[39m[31m
[1m^[22m[39m[31m[1m
^[22m[39m[31m[1m^[
22m[39m[31m[1m^[22m
[39m[31m[1m^[22m[3
9m[31m[1m^[22m[39m
[31m[1m^[22m[39m[31
m[1m^[22m[39m[31m[
1m^[22m[39m[31m[1m^
[22m[39m[31m[1m^[2
2m[39m[31m[1m^[22m
[39m[31m[1m^[22m[39
m[31m[1m^[22m[39m[
31m[1m^[22m[39m[31m
[1m^[22m[39m[31m[1
m^[22m[39m[31m[1m^
[22m[39m[31m[1m^[22
m[39m[31m[1m^[22m[
39m[31m[1m^[22m[39m
[31m[1m^[22m[39m[3
1m[1m^[22m[39m
 [90m 6 |[39m 
[36mimport[39m { 
useRouter } 
[36mfrom[39m [32m"ne
xt/navigation"[39m[33
m;[39m
 [90m 7 |[39m 
[36mimport[39m { 
[33mButton[39m } 
[36mfrom[39m [32m"@/
components/ui/button"[
39m[33m;[39m
 [90m 8 |[39m 
[36mimport[39m { 
[33mInput[39m } 
[36mfrom[39m [32m"@/
components/ui/input"[3
9m[33m;[39m[0m

Import map: aliased to 
relative 
'./src/lib/firebase' 
inside of [project]/Des
ktop/Repositorio - 
ArtnaCare


Import traces:
  Client Component 
Browser:
    
./Desktop/Repositorio 
- ArtnaCare/src/app/log
in/page.tsx [Client 
Component Browser]
    
./Desktop/Repositorio 
- ArtnaCare/src/app/log
in/page.tsx [Server 
Component]

  Client Component SSR:
    
./Desktop/Repositorio 
- ArtnaCare/src/app/log
in/page.tsx [Client 
Component SSR]
    
./Desktop/Repositorio 
- ArtnaCare/src/app/log
in/page.tsx [Server 
Component]

https://nextjs.org/docs
/messages/module-not-fo
und


./Desktop/Repositorio 
- ArtnaCare/src/hooks/u
seAuth.ts:6:1
Module not found: 
Can't resolve 
'@/lib/firebase'
[0m [90m 4 |[39m 
[36mimport[39m { 
useState[33m,[39m 
useEffect } 
[36mfrom[39m [32m"re
act"[39m[33m;[39m
 [90m 5 |[39m 
[36mimport[39m { [33
mUser[39m[33m,[39m o
nAuthStateChanged[33m,
[39m signOut } 
[36mfrom[39m [32m"fi
rebase/auth"[39m[33m;
[39m
[31m[1m>[22m[39m[9
0m 6 |[39m 
[36mimport[39m { 
auth } [36mfrom[39m 
[32m"@/lib/firebase"[3
9m[33m;[39m
 [90m   |[39m [31m[
1m^[22m[39m[31m[1m^
[22m[39m[31m[1m^[2
2m[39m[31m[1m^[22m
[39m[31m[1m^[22m[39
m[31m[1m^[22m[39m[
31m[1m^[22m[39m[31m
[1m^[22m[39m[31m[1
m^[22m[39m[31m[1m^
[22m[39m[31m[1m^[22
m[39m[31m[1m^[22m[
39m[31m[1m^[22m[39m
[31m[1m^[22m[39m[3
1m[1m^[22m[39m[31m
[1m^[22m[39m[31m[1m
^[22m[39m[31m[1m^[
22m[39m[31m[1m^[22m
[39m[31m[1m^[22m[3
9m[31m[1m^[22m[39m
[31m[1m^[22m[39m[31
m[1m^[22m[39m[31m[
1m^[22m[39m[31m[1m^
[22m[39m[31m[1m^[2
2m[39m[31m[1m^[22m
[39m[31m[1m^[22m[39
m[31m[1m^[22m[39m[
31m[1m^[22m[39m[31m
[1m^[22m[39m[31m[1
m^[22m[39m[31m[1m^
[22m[39m[31m[1m^[22
m[39m[31m[1m^[22m[
39m[31m[1m^[22m[39m
[31m[1m^[22m[39m[3
1m[1m^[22m[39m
 [90m 7 |[39m 
[36mimport[39m { 
useRouter } 
[36mfrom[39m [32m"ne
xt/navigation"[39m[33
m;[39m
 [90m 8 |[39m 
[36mexport[39m 
[36mfunction[39m 
useAuth() {
 [90m 9 |[39m   
[36mconst[39m $ 
[33m=[39m _c([35m8[
39m)[33m;[39m[0m

Import map: aliased to 
relative 
'./src/lib/firebase' 
inside of [project]/Des
ktop/Repositorio - 
ArtnaCare


Import traces:
  Client Component 
Browser:
    
./Desktop/Repositorio 
- ArtnaCare/src/hooks/u
seAuth.ts [Client 
Component Browser]
    
./Desktop/Repositorio 
- ArtnaCare/src/app/das
hboard/layout.tsx 
[Client Component 
Browser]
    
./Desktop/Repositorio 
- ArtnaCare/src/app/das
hboard/layout.tsx 
[Server Component]

  Client Component SSR:
    
./Desktop/Repositorio 
- ArtnaCare/src/hooks/u
seAuth.ts [Client 
Component SSR]
    
./Desktop/Repositorio 
- ArtnaCare/src/app/das
hboard/layout.tsx 
[Client Component SSR]
    
./Desktop/Repositorio 
- ArtnaCare/src/app/das
hboard/layout.tsx 
[Server Component]

https://nextjs.org/docs
/messages/module-not-fo
und


./Desktop/Repositorio 
- ArtnaCare/src/hooks/u
seAuth.ts:5:1
Module not found: 
Can't resolve 
'@/lib/firebase'
[0m [90m 3 |[39m 
[36mimport[39m { 
useState[33m,[39m 
useEffect } 
[36mfrom[39m [32m"re
act"[39m[33m;[39m
 [90m 4 |[39m 
[36mimport[39m { [33
mUser[39m[33m,[39m o
nAuthStateChanged[33m,
[39m signOut } 
[36mfrom[39m [32m"fi
rebase/auth"[39m[33m;
[39m
[31m[1m>[22m[39m[9
0m 5 |[39m 
[36mimport[39m { 
auth } [36mfrom[39m 
[32m"@/lib/firebase"[3
9m[33m;[39m
 [90m   |[39m [31m[
1m^[22m[39m[31m[1m^
[22m[39m[31m[1m^[2
2m[39m[31m[1m^[22m
[39m[31m[1m^[22m[39
m[31m[1m^[22m[39m[
31m[1m^[22m[39m[31m
[1m^[22m[39m[31m[1
m^[22m[39m[31m[1m^
[22m[39m[31m[1m^[22
m[39m[31m[1m^[22m[
39m[31m[1m^[22m[39m
[31m[1m^[22m[39m[3
1m[1m^[22m[39m[31m
[1m^[22m[39m[31m[1m
^[22m[39m[31m[1m^[
22m[39m[31m[1m^[22m
[39m[31m[1m^[22m[3
9m[31m[1m^[22m[39m
[31m[1m^[22m[39m[31
m[1m^[22m[39m[31m[
1m^[22m[39m[31m[1m^
[22m[39m[31m[1m^[2
2m[39m[31m[1m^[22m
[39m[31m[1m^[22m[39
m[31m[1m^[22m[39m[
31m[1m^[22m[39m[31m
[1m^[22m[39m[31m[1
m^[22m[39m[31m[1m^
[22m[39m[31m[1m^[22
m[39m[31m[1m^[22m[
39m[31m[1m^[22m[39m
[31m[1m^[22m[39m[3
1m[1m^[22m[39m
 [90m 6 |[39m 
[36mimport[39m { 
useRouter } 
[36mfrom[39m [32m"ne
xt/navigation"[39m[33
m;[39m
 [90m 7 |[39m
 [90m 8 |[39m 
[36mexport[39m 
[36mfunction[39m 
useAuth() {[0m

Import map: aliased to 
relative 
'./src/lib/firebase' 
inside of [project]/Des
ktop/Repositorio - 
ArtnaCare


Import traces:
  Client Component 
Browser:
    
./Desktop/Repositorio 
- ArtnaCare/src/hooks/u
seAuth.ts [Client 
Component Browser]
    
./Desktop/Repositorio 
- ArtnaCare/src/app/das
hboard/layout.tsx 
[Client Component 
Browser]
    
./Desktop/Repositorio 
- ArtnaCare/src/app/das
hboard/layout.tsx 
[Server Component]

  Client Component SSR:
    
./Desktop/Repositorio 
- ArtnaCare/src/hooks/u
seAuth.ts [Client 
Component SSR]
    
./Desktop/Repositorio 
- ArtnaCare/src/app/das
hboard/layout.tsx 
[Client Component SSR]
    
./Desktop/Repositorio 
- ArtnaCare/src/app/das
hboard/layout.tsx 
[Server Component]

https://nextjs.org/docs
/messages/module-not-fo
und


    at <unknown> 
(./Desktop/Repositorio 
- ArtnaCare/src/app/log
in/page.tsx:5:1)
    at <unknown> (https
://nextjs.org/docs/mess
ages/module-not-found)
    at <unknown> 
(./Desktop/Repositorio 
- ArtnaCare/src/hooks/u
seAuth.ts:6:1)
    at <unknown> (https
://nextjs.org/docs/mess
ages/module-not-found)
    at <unknown> 
(./Desktop/Repositorio 
- ArtnaCare/src/hooks/u
seAuth.ts:5:1)
    at <unknown> (https
://nextjs.org/docs/mess
ages/module-not-found)
